* using log directory ‘/Users/cjerzak/Documents/strategize-software/strategize.Rcheck’
* using R version 4.5.2 (2025-10-31)
* using platform: aarch64-apple-darwin20
* R was compiled by
    Apple clang version 16.0.0 (clang-1600.0.26.6)
    GNU Fortran (GCC) 14.2.0
* running under: macOS Tahoe 26.2
* using session charset: UTF-8
* using option ‘--as-cran’
* checking for file ‘strategize/DESCRIPTION’ ... OK
* checking extension type ... Package
* this is package ‘strategize’ version ‘0.0.1’
* package encoding: UTF-8
* checking CRAN incoming feasibility ... [2s/12s] NOTE
Maintainer: ‘Connor T. Jerzak <connor.jerzak@austin.utexas.edu>’

New submission

Found the following (possibly) invalid URLs:
  URL: https://github.com/deepmind/optax (moved to https://github.com/google-deepmind/optax)
    From: man/strategize.Rd
    Status: 200
    Message: OK

The Date field is over a month old.
* checking package namespace information ... OK
* checking package dependencies ... OK
* checking if this is a source package ... OK
* checking if there is a namespace ... OK
* checking for executable files ... OK
* checking for hidden files and directories ... OK
* checking for portable file names ... OK
* checking for sufficient/correct file permissions ... OK
* checking serialization versions ... OK
* checking whether package ‘strategize’ can be installed ... OK
* checking installed package size ... OK
* checking package directory ... OK
* checking for future file timestamps ... OK
* checking ‘build’ directory ... OK
* checking DESCRIPTION meta-information ... OK
* checking top-level files ... OK
* checking for left-over files ... OK
* checking index information ... OK
* checking package subdirectories ... OK
* checking code files for non-ASCII characters ... OK
* checking R files for syntax errors ... OK
* checking whether the package can be loaded ... OK
* checking whether the package can be loaded with stated dependencies ... OK
* checking whether the package can be unloaded cleanly ... OK
* checking whether the namespace can be loaded with stated dependencies ... OK
* checking whether the namespace can be unloaded cleanly ... OK
* checking use of S3 registration ... OK
* checking dependencies in R code ... OK
* checking S3 generic/method consistency ... OK
* checking replacement functions ... OK
* checking foreign function calls ... OK
* checking R code for possible problems ... NOTE
generate_ModelOutcome: warning in gsub(row.names(vcov_OutcomeModel),
  pattern = "phi[1-9]_", replace = ""): partial argument match of
  'replace' to 'replacement'
get_se : getJacobianComponents: warning in gsub(fn_, pattern = "_tf",
  replace = "_jax"): partial argument match of 'replace' to
  'replacement'
plot_best_response_curves: warning in gsub(getQStar_diff_, pattern =
  "Q_DISAGGREGATE", replace = sprintf("T == %s", DisaggreateQ)):
  partial argument match of 'replace' to 'replacement'
strategize: warning in gsub(initialize_ModelOutcome, pattern =
  "function \\(\\)", replace = ""): partial argument match of 'replace'
  to 'replacement'
strategize: warning in gsub(initialize_ExactSol, pattern = "function
  \\(\\)", replace = ""): partial argument match of 'replace' to
  'replacement'
strategize: warning in gsub(getQStar_diff_, pattern = "Q_DISAGGREGATE",
  replace = sprintf("T == %s", DisaggreateQ)): partial argument match
  of 'replace' to 'replacement'
strategize: warning in gsub(InitializeQMonteFxns_, pattern = "function
  \\(\\)", replace = ""): partial argument match of 'replace' to
  'replacement'
strategize_onestep: warning in gsub(initialMtext, pattern = "function
  \\(\\)", replace = ""): partial argument match of 'replace' to
  'replacement'
strategize_onestep: warning in gsub(buildText, pattern = "function
  \\(\\)", replace = ""): partial argument match of 'replace' to
  'replacement'
strategize_onestep: warning in gsub(trainText, pattern = "function
  \\(\\)", replace = ""): partial argument match of 'replace' to
  'replacement'
strategize_onestep: warning in gsub(seText, pattern = "function
  \\(\\)", replace = ""): partial argument match of 'replace' to
  'replacement'
FullGetQStar_: no visible binding for global variable ‘adversarial’
FullGetQStar_: no visible global function definition for ‘QFXN’
FullGetQStar_ : <anonymous>: no visible binding for global variable
  ‘MNtemp’
FullGetQStar_: no visible binding for global variable
  ‘nMonte_adversarial’
FullGetQStar_: no visible binding for global variable ‘penalty_type’
FullGetQStar_: no visible binding for global variable ‘split_vec_full’
InitializeQMonteFxns: no visible global function definition for
  ‘compile_fxn’
InitializeQMonteFxns : <anonymous>: no visible global function
  definition for ‘getQStar_diff_MultiGroup’
InitializeQMonteFxns : <anonymous>: no visible global function
  definition for ‘getQStar_diff_SingleGroup’
InitializeQMonteFxns : <anonymous>: no visible global function
  definition for ‘QFXN’
InitializeQMonteFxns_MCSampling: no visible global function definition
  for ‘compile_fxn’
InitializeQMonteFxns_MCSampling : <anonymous>: no visible global
  function definition for ‘getQStar_diff_MultiGroup’
InitializeQMonteFxns_MCSampling : <anonymous>: no visible global
  function definition for ‘getQStar_diff_SingleGroup’
InitializeQMonteFxns_MCSampling : <anonymous>: no visible binding for
  global variable ‘MNtemp’
InitializeQMonteFxns_MCSampling : <anonymous>: no visible global
  function definition for ‘QFXN’
computeQse_conjoint: no visible global function definition for ‘var’
cv_strategize: no visible global function definition for ‘sd’
generate_ExactSol: no visible global function definition for
  ‘compile_fxn’
generate_ExactSol: no visible binding for global variable ‘lambda’
generate_ExactSol: no visible binding for global variable
  ‘n_main_params’
generate_ExactSol: no visible binding for global variable ‘p_vec_use’
generate_ExactSol: no visible binding for global variable
  ‘p_vec_sum_prime_use’
generate_ExactSol : generate_ExactSolImplicit: no visible binding for
  global variable ‘main_indices_i0’
generate_ExactSol : generate_ExactSolImplicit: no visible binding for
  global variable ‘inter_indices_i0’
generate_ExactSol : generate_ExactSolImplicit: no visible binding for
  global variable ‘n_main_params’
generate_ExactSol : generate_ExactSolImplicit : <anonymous>: no visible
  binding for global variable ‘n_main_params’
generate_ExactSol : generate_ExactSolImplicit : <anonymous>: no visible
  binding for global variable ‘main_info’
generate_ExactSol : generate_ExactSolImplicit : <anonymous>: no visible
  binding for global variable ‘lambda’
generate_ExactSol : generate_ExactSolImplicit : <anonymous>: no visible
  binding for global variable ‘interaction_info’
generate_ExactSol : getPiStar_exact: no visible binding for global
  variable ‘main_indices_i0’
generate_ExactSol : getPiStar_exact: no visible binding for global
  variable ‘inter_indices_i0’
generate_ExactSol : getPiStar_exact: no visible binding for global
  variable ‘n_main_params’
generate_ExactSol : getPiStar_exact : <anonymous>: no visible binding
  for global variable ‘n_main_params’
generate_ExactSol : getPiStar_exact : <anonymous>: no visible binding
  for global variable ‘main_info’
generate_ExactSol : getPiStar_exact : <anonymous>: no visible binding
  for global variable ‘interaction_info’
generate_ModelOutcome: no visible binding for global variable
  ‘factor_levels’
generate_ModelOutcome : <anonymous>: no visible binding for global
  variable ‘factor_levels’
generate_ModelOutcome : <anonymous>: no visible binding for global
  variable ‘holdout_indicator’
generate_ModelOutcome: no visible binding for global variable
  ‘holdout_indicator’
generate_ModelOutcome: no visible binding for global variable ‘W’
generate_ModelOutcome: no visible binding for global variable
  ‘pair_id_’
generate_ModelOutcome: no visible binding for global variable
  ‘competing_group_variable_candidate_’
generate_ModelOutcome : <anonymous>: no visible binding for global
  variable ‘competing_group_variable_candidate_’
generate_ModelOutcome : <anonymous>: no visible binding for global
  variable ‘W_’
generate_ModelOutcome: no visible binding for global variable ‘Y_’
generate_ModelOutcome: no visible binding for global variable
  ‘varcov_cluster_variable_’
generate_ModelOutcome: no visible binding for global variable ‘sd’
generate_ModelOutcome: no visible binding for global variable ‘K’
generate_ModelOutcome: no visible binding for global variable
  ‘presaved_outcome_model’
generate_ModelOutcome: no visible binding for global variable
  ‘glm_family’
generate_ModelOutcome: no visible binding for global variable
  ‘nFolds_glm’
generate_ModelOutcome: no visible binding for global variable ‘w_orig’
generate_ModelOutcome: no visible binding for global variable ‘Y’
generate_ModelOutcome: no visible binding for global variable
  ‘respondent_id’
generate_ModelOutcome: no visible binding for global variable
  ‘respondent_task_id’
generate_ModelOutcome: no visible binding for global variable
  ‘profile_order’
generate_ModelOutcome: no visible binding for global variable ‘X’
generate_ModelOutcome: no visible global function definition for
  ‘combn’
generate_ModelOutcome: no visible global function definition for
  ‘as.formula’
generate_ModelOutcome: no visible binding for global variable
  ‘save_outcome_model’
generate_ModelOutcome: no visible global function definition for
  ‘write.csv’
generate_ModelOutcome: no visible binding for global variable
  ‘GroupsPool’
generate_ModelOutcome: no visible binding for global variable
  ‘GroupCounter’
generate_ModelOutcome: no visible binding for global variable ‘Round_’
generate_ModelOutcome: no visible global function definition for
  ‘read.csv’
generate_ModelOutcome: no visible global function definition for ‘glm’
generate_ModelOutcome: no visible global function definition for ‘coef’
generate_ModelOutcome: no visible binding for global variable
  ‘varcov_cluster_variable’
generate_ModelOutcome: no visible global function definition for ‘vcov’
generate_ModelOutcome_neural: no visible binding for global variable
  ‘W_’
generate_ModelOutcome_neural: no visible global function definition for
  ‘na.omit’
generate_ModelOutcome_neural: no visible binding for global variable
  ‘Y_’
generate_ModelOutcome_neural : BayesianTransformerModel : local_lik: no
  visible global function definition for ‘%as%’
generate_ModelOutcome_neural: no visible global function definition for
  ‘runif’
getQPiStar_gd: no visible global function definition for ‘gather_fxn’
getQPiStar_gd: no visible binding for global variable ‘adversarial’
getQPiStar_gd: no visible binding for global variable ‘nRounds’
getQPiStar_gd: no visible binding for global variable ‘nSGD’
getQPiStar_gd: no visible binding for global variable ‘use_optax’
getQPiStar_gd: no visible global function definition for ‘GetInvLR’
getQPiStar_gd: no visible global function definition for
  ‘GetUpdatedParameters’
getQPiStar_gd: no visible global function definition for
  ‘jit_update_dag’
getQPiStar_gd: no visible global function definition for
  ‘jit_apply_updates_dag’
getQPiStar_gd: no visible global function definition for
  ‘jit_update_ast’
getQPiStar_gd: no visible global function definition for
  ‘jit_apply_updates_ast’
getQPiStar_gd: no visible binding for global variable ‘glm_family’
getQPiStar_gd : <anonymous>: no visible binding for global variable
  ‘MNtemp’
getQPiStar_gd: no visible binding for global variable ‘nMonte_Qglm’
getQStar_diff_BASE: no visible binding for global variable
  ‘main_indices_i0’
getQStar_diff_BASE: no visible binding for global variable
  ‘inter_indices_i0’
getQStar_diff_BASE: no visible binding for global variable
  ‘interaction_info’
getQStar_diff_BASE: no visible global function definition for
  ‘glm_outcome_transform’
getQStar_diff_BASE: no visible binding for global variable
  ‘Q_DISAGGREGATE’
getQStar_single: no visible binding for global variable
  ‘main_indices_i0’
getQStar_single: no visible binding for global variable
  ‘inter_indices_i0’
getQStar_single: no visible binding for global variable
  ‘interaction_info’
getQStar_single: no visible global function definition for
  ‘glm_outcome_transform’
getSE: no visible global function definition for ‘var’
getSE: no visible global function definition for ‘na.omit’
get_se: no visible binding for global variable ‘piSEtype’
get_se: no visible binding for global variable ‘LAMBDA_selected’
get_se: no visible global function definition for ‘returnWeightsFxn’
get_se: no visible binding for global variable ‘ModelList_object’
get_se : getJacobianComponents: no visible binding for global variable
  ‘split2_indices’
get_se : getJacobianComponents: no visible binding for global variable
  ‘ModelList_object’
get_se : getJacobianComponents: no visible binding for global variable
  ‘Y’
get_se : getJacobianComponents: no visible binding for global variable
  ‘X’
get_se : getJacobianComponents: no visible binding for global variable
  ‘FactorsMat_numeric_0Indexed’
get_se : getJacobianComponents: no visible binding for global variable
  ‘log_PrW’
get_se : getJacobianComponents: no visible global function definition
  for ‘returnWeightsFxn’
get_se : getJacobianComponents: no visible binding for global variable
  ‘LAMBDA_selected’
get_se : getJacobianComponents : <anonymous>: no visible global
  function definition for ‘getProbRatio_jax’
get_se : getJacobianComponents : <anonymous>: no visible global
  function definition for ‘grad_getLoss_jax_unnormalized’
get_se : getJacobianComponents: no visible binding for global variable
  ‘Qhat_tf’
get_se : getJacobianComponents: no visible global function definition
  for ‘image’
get_se: no visible binding for global variable ‘split2_indices’
get_se: no visible global function definition for ‘hist’
get_se: no visible binding for global variable ‘K’
get_se: no visible binding for global variable ‘Qhat’
get_se: no visible global function definition for ‘getPiList’
get_se: no visible global function definition for ‘getClassProb’
get_se: no visible binding for global variable ‘X’
get_se: no visible binding for global variable ‘X_factorized’
get_se : <anonymous>: no visible binding for global variable
  ‘X_factorized’
get_se: no visible global function definition for ‘model.matrix’
get_se: no visible global function definition for ‘%as%’
get_se: no visible binding for global variable ‘tape’
get_se: no visible binding for global variable ‘ClassProbProj’
get_se: no visible binding for global variable ‘pi_list’
get_se : <anonymous>: no visible binding for global variable ‘pi_list’
get_se : <anonymous> : <anonymous>: no visible global function
  definition for ‘qnorm’
get_se : <anonymous> : <anonymous>: no visible binding for global
  variable ‘confLevel’
initialize_m : GRADIENT_FXN_vectorized : <anonymous>: no visible
  binding for global variable ‘penalty_type’
initialize_m : GRADIENT_FXN_vectorized : <anonymous>: no visible
  binding for global variable ‘treatment_combs’
initialize_m : GRADIENT_FXN_vectorized : <anonymous>: no visible
  binding for global variable ‘LAMBDA_’
initialize_m : GRADIENT_FXN_vectorized : <anonymous>: no visible
  binding for global variable ‘n_target’
initialize_m : GRADIENT_FXN_vectorized : <anonymous>: no visible
  binding for global variable ‘p_list’
initialize_m : GRADIENT_FXN_vectorized : <anonymous>: no visible
  binding for global variable ‘EXPERIMENTAL_SCALING_FACTOR’
initialize_m: no visible binding for global variable ‘p_list’
initialize_m : HESSIAN_FXN: no visible binding for global variable
  ‘penalty_type’
initialize_m : HESSIAN_FXN : <anonymous>: no visible binding for global
  variable ‘pi_forGrad_minus_mat_list’
initialize_m : HESSIAN_FXN : <anonymous>: no visible binding for global
  variable ‘pi_forGrad_minuskkt_mat_vec_comp’
initialize_m : HESSIAN_FXN : <anonymous>: no visible binding for global
  variable ‘pi_forGrad_minusk_mat_vec_comp’
initialize_m : HESSIAN_FXN: no visible binding for global variable
  ‘pi_init_vec’
initialize_m : HESSIAN_FXN: no visible binding for global variable
  ‘LAMBDA_’
initialize_m : HESSIAN_FXN: no visible binding for global variable
  ‘n_target’
initialize_m : HESSIAN_FXN: no visible binding for global variable
  ‘treatment_combs’
initialize_m : HESSIAN_FXN: no visible binding for global variable
  ‘DD_L2Pen’
initialize_m : HESSIAN_FXN: no visible binding for global variable
  ‘EXPERIMENTAL_SCALING_FACTOR’
initialize_m : <anonymous>: no visible binding for global variable
  ‘p_list’
ml_build: no visible binding for global variable ‘penalty_type’
ml_build: no visible binding for global variable ‘K’
ml_build : <anonymous>: no visible binding for global variable ‘X’
ml_build : <anonymous>: no visible binding for global variable
  ‘batch_size’
ml_build : <anonymous>: no visible global function definition for
  ‘runif’
ml_build : <anonymous>: no visible binding for global variable ‘sd’
ml_build: no visible binding for global variable ‘CLUSTER_EPSILON’
ml_build: no visible binding for global variable ‘X’
ml_build: no visible global function definition for ‘rnorm’
ml_build: no visible binding for global variable ‘projList’
ml_build: no visible binding for global variable ‘W’
ml_build : initialize_avs: no visible binding for global variable ‘K’
ml_build : initialize_avs: no visible binding for global variable
  ‘pi_init_list’
ml_build : initialize_avs: no visible global function definition for
  ‘runif’
ml_build : initialize_avs: no visible binding for global variable
  ‘evaluation_environment’
ml_build: no visible binding for global variable
  ‘evaluation_environment’
ml_build : getPiList: no visible binding for global variable ‘K’
ml_build : getPiList: no visible binding for global variable ‘p_list’
ml_build: no visible binding for global variable ‘Y’
ml_build: no visible binding for global variable ‘batch_size’
ml_build: no visible binding for global variable ‘AVSList’
ml_build: no visible binding for global variable
  ‘FactorsMat_numeric_0Indexed’
ml_build: no visible binding for global variable ‘log_PrW’
ml_build: no visible binding for global variable ‘lambda_seq’
ml_train: no visible binding for global variable ‘trainIndicator_pool’
ml_train: no visible binding for global variable ‘nFolds’
ml_train: no visible binding for global variable ‘split1_indices’
ml_train: no visible binding for global variable ‘holdBasis_traintv’
ml_train: no visible binding for global variable ‘warm_start’
ml_train: no visible binding for global variable ‘split2_indices’
ml_train: no visible binding for global variable ‘batch_size’
ml_train: no visible global function definition for ‘getLoss_tf’
ml_train: no visible binding for global variable ‘Y’
ml_train: no visible binding for global variable ‘X’
ml_train: no visible binding for global variable
  ‘FactorsMat_numeric_0Indexed’
ml_train: no visible binding for global variable ‘log_PrW’
ml_train: no visible global function definition for ‘returnWeightsFxn’
ml_train: no visible binding for global variable ‘getLoss_tf’
ml_train: no visible binding for global variable ‘cycle_width’
ml_train: no visible binding for global variable ‘sg_method’
ml_train: no visible global function definition for ‘lowess’
ml_train: no visible binding for global variable ‘K’
ml_train: no visible global function definition for ‘getClassProb’
ml_train: no visible global function definition for ‘tfConst’
ml_train : getQ_fxn : <anonymous>: no visible global function
  definition for ‘getProbRatio_tf’
ml_train : getQ_fxn : <anonymous>: no visible global function
  definition for ‘tfConst’
ml_train : getQ_fxn : <anonymous>: no visible binding for global
  variable ‘Y’
ml_train : getQ_fxn : <anonymous>: no visible binding for global
  variable ‘X’
ml_train : getQ_fxn : <anonymous>: no visible binding for global
  variable ‘FactorsMat_numeric_0Indexed’
ml_train : getQ_fxn : <anonymous>: no visible binding for global
  variable ‘log_PrW’
ml_train : getQ_fxn : <anonymous>: no visible global function
  definition for ‘returnWeightsFxn’
ml_train : <anonymous>: no visible global function definition for ‘var’
plot_best_response_curves: no visible global function definition for
  ‘lm’
plot_best_response_curves: no visible global function definition for
  ‘predict’
plot_best_response_curves: no visible binding for global variable
  ‘pi_ast’
plot_best_response_curves: no visible binding for global variable
  ‘pi_dag’
plot_best_response_curves: no visible binding for global variable
  ‘utility_ast’
plot_best_response_curves: no visible binding for global variable
  ‘pi_ast_br_hat’
plot_best_response_curves: no visible binding for global variable
  ‘pi_dag_br’
plot_best_response_curves: no visible binding for global variable
  ‘utility_dag’
se: no visible global function definition for ‘var’
strategize : RejiggerPi: no visible binding for global variable
  ‘regularization_adjust_hash’
strategize: no visible binding for global variable
  ‘EST_INTERCEPT_tf_ast_jnp’
strategize: no visible binding for global variable
  ‘EST_COEFFICIENTS_tf_ast_jnp’
strategize: no visible binding for global variable ‘main_info’
strategize: no visible binding for global variable
  ‘generate_ExactSolImplicit’
strategize: no visible binding for global variable
  ‘generate_ExactSolExplicit’
strategize: no visible global function definition for ‘rnorm’
strategize : <anonymous>: no visible binding for global variable
  ‘a_structure’
strategize : <anonymous>: no visible binding for global variable
  ‘a_structure_leftoutLdminus1’
strategize: no visible global function definition for ‘runif’
strategize: no visible binding for global variable ‘my_mean_full’
strategize: no visible binding for global variable
  ‘vcov_OutcomeModel_by_k’
strategize: no visible binding for global variable
  ‘getQStar_diff_SingleGroup’
strategize: no visible binding for global variable
  ‘getQStar_diff_MultiGroup’
strategize: no visible binding for global variable
  ‘REGRESSION_PARAMS_jax_dag0_jnp’
strategize: no visible global function definition for ‘lowess’
strategize : <anonymous> : <anonymous>: no visible global function
  definition for ‘qnorm’
strategize: no visible binding for global variable
  ‘regularization_adjust_hash’
strategize: no visible binding for global variable ‘vcov_OutcomeModel’
strategize: no visible binding for global variable ‘UsedRegularization’
strategize_onestep: no visible global function definition for ‘rnorm’
strategize_onestep: no visible global function definition for ‘sd’
strategize_onestep: no visible global function definition for ‘qnorm’
strategize_onestep: no visible global function definition for ‘var’
strategize_onestep : <anonymous> : <anonymous>: no visible global
  function definition for ‘runif’
strategize_onestep : <anonymous> : <anonymous>: no visible global
  function definition for ‘rnorm’
strategize_onestep : <anonymous>: no visible global function definition
  for ‘rnorm’
strategize_onestep : <anonymous>: no visible global function definition
  for ‘runif’
strategize_onestep: no visible global function definition for
  ‘getPiList’
strategize_onestep: no visible binding for global variable
  ‘ModelList_object’
strategize_onestep: no visible global function definition for ‘na.omit’
strategize_onestep: no visible global function definition for
  ‘getClassProb’
strategize_onestep: no visible global function definition for
  ‘getQ_fxn’
strategize_onestep: no visible binding for global variable
  ‘ClassProbProjCoefs’
strategize_onestep: no visible binding for global variable
  ‘ClassProbProjCoefs_se’
strategize_onestep: no visible binding for global variable
  ‘ClassProbsXobs’
strategize_onestep: no visible binding for global variable
  ‘VarCov_ProbClust’
strategize_onestep: no visible binding for global variable
  ‘X_factorized_complete’
vec2list_noTransform: no visible binding for global variable
  ‘splitIndices’
Undefined global functions or variables:
  %as% AVSList CLUSTER_EPSILON ClassProbProj ClassProbProjCoefs
  ClassProbProjCoefs_se ClassProbsXobs DD_L2Pen
  EST_COEFFICIENTS_tf_ast_jnp EST_INTERCEPT_tf_ast_jnp
  EXPERIMENTAL_SCALING_FACTOR FactorsMat_numeric_0Indexed GetInvLR
  GetUpdatedParameters GroupCounter GroupsPool K LAMBDA_
  LAMBDA_selected MNtemp ModelList_object QFXN Q_DISAGGREGATE Qhat
  Qhat_tf REGRESSION_PARAMS_jax_dag0_jnp Round_ UsedRegularization
  VarCov_ProbClust W W_ X X_factorized X_factorized_complete Y Y_
  a_structure a_structure_leftoutLdminus1 adversarial as.formula
  batch_size coef combn competing_group_variable_candidate_ compile_fxn
  confLevel cycle_width evaluation_environment factor_levels gather_fxn
  generate_ExactSolExplicit generate_ExactSolImplicit getClassProb
  getLoss_tf getPiList getProbRatio_jax getProbRatio_tf
  getQStar_diff_MultiGroup getQStar_diff_SingleGroup getQ_fxn glm
  glm_family glm_outcome_transform grad_getLoss_jax_unnormalized hist
  holdBasis_traintv holdout_indicator image inter_indices_i0
  interaction_info jit_apply_updates_ast jit_apply_updates_dag
  jit_update_ast jit_update_dag lambda lambda_seq lm log_PrW lowess
  main_indices_i0 main_info model.matrix my_mean_full nFolds nFolds_glm
  nMonte_Qglm nMonte_adversarial nRounds nSGD n_main_params n_target
  na.omit p_list p_vec_sum_prime_use p_vec_use pair_id_ penalty_type
  piSEtype pi_ast pi_ast_br_hat pi_dag pi_dag_br
  pi_forGrad_minus_mat_list pi_forGrad_minusk_mat_vec_comp
  pi_forGrad_minuskkt_mat_vec_comp pi_init_list pi_init_vec pi_list
  predict presaved_outcome_model profile_order projList qnorm read.csv
  regularization_adjust_hash respondent_id respondent_task_id
  returnWeightsFxn rnorm runif save_outcome_model sd sg_method
  split1_indices split2_indices splitIndices split_vec_full tape
  tfConst trainIndicator_pool treatment_combs use_optax utility_ast
  utility_dag var varcov_cluster_variable varcov_cluster_variable_ vcov
  vcov_OutcomeModel vcov_OutcomeModel_by_k w_orig warm_start write.csv
Consider adding
  importFrom("graphics", "hist", "image")
  importFrom("stats", "as.formula", "coef", "glm", "lm", "lowess",
             "model.matrix", "na.omit", "predict", "qnorm", "rnorm",
             "runif", "sd", "var", "vcov")
  importFrom("utils", "combn", "read.csv", "write.csv")
to your NAMESPACE file.
* checking Rd files ... OK
* checking Rd metadata ... OK
* checking Rd line widths ... OK
* checking Rd cross-references ... OK
* checking for missing documentation entries ... OK
* checking for code/documentation mismatches ... OK
* checking Rd \usage sections ... OK
* checking Rd contents ... OK
* checking for unstated dependencies in examples ... OK
* checking installed files from ‘inst/doc’ ... OK
* checking files in ‘vignettes’ ... OK
* checking examples ... OK
* checking examples with --run-donttest ... [42s/23s] OK
* checking for unstated dependencies in ‘tests’ ... OK
* checking tests ... [54s/35s] ERROR
  Running ‘testthat.R’ [54s/35s]
Running the tests in ‘tests/testthat.R’ failed.
Last 13 lines of output:
  ── Error ('test-base.R:294:3'): cv_strategize handles K > 1 (multi-cluster) ────
  Error in `FactorHet::FactorHet_mbo_control(iters = 3)`: tgp must be installed to use mbo_method="regr.bgp"
  Backtrace:
      ▆
   1. └─strategize::cv_strategize(...) at test-base.R:294:3
   2.   └─strategize::strategize(...)
   3.     ├─base::eval(parse(text = initialize_ModelOutcome), envir = evaluation_environment)
   4.     │ └─base::eval(parse(text = initialize_ModelOutcome), envir = evaluation_environment)
   5.     ├─FactorHet::FactorHet_mbo(...)
   6.     └─FactorHet::FactorHet_mbo_control(iters = 3)
  
  [ FAIL 2 | WARN 0 | SKIP 11 | PASS 90 ]
  Error:
  ! Test failures.
  Execution halted
* checking for unstated dependencies in vignettes ... OK
* checking package vignettes ... OK
* checking re-building of vignette outputs ... OK
* checking PDF version of manual ... OK
* checking HTML version of manual ... OK
* checking for non-standard things in the check directory ... OK
* checking for detritus in the temp directory ... OK
* DONE
Status: 1 ERROR, 2 NOTEs
