Hmm ... looks like a package
Converting parsed Rd's to LaTeX ..
Creating pdf output from LaTeX ...

This is pdfTeX, Version 3.141592653-2.6-1.40.26 (TeX Live 2024) (preloaded format=pdflatex)
 restricted \write18 enabled.
entering extended mode
LaTeX2e <2023-11-01> patch level 1
L3 programming layer <2024-02-20>
(./Rd2.tex
(/usr/local/texlive/2024/texmf-dist/tex/latex/base/book.cls
Document Class: book 2023/05/17 v1.4n Standard LaTeX document class
(/usr/local/texlive/2024/texmf-dist/tex/latex/base/bk10.clo))
(/Library/Frameworks/R.framework/Resources/share/texmf/tex/latex/Rd.sty
(/usr/local/texlive/2024/texmf-dist/tex/latex/base/ifthen.sty)
(/usr/local/texlive/2024/texmf-dist/tex/generic/iftex/iftex.sty)
(/usr/local/texlive/2024/texmf-dist/tex/latex/tools/longtable.sty)
(/usr/local/texlive/2024/texmf-dist/tex/latex/tools/bm.sty)
(/usr/local/texlive/2024/texmf-dist/tex/latex/base/alltt.sty)
(/usr/local/texlive/2024/texmf-dist/tex/latex/tools/verbatim.sty)
(/usr/local/texlive/2024/texmf-dist/tex/latex/url/url.sty)
(/usr/local/texlive/2024/texmf-dist/tex/latex/base/textcomp.sty)
(/usr/local/texlive/2024/texmf-dist/tex/latex/amsmath/amsmath.sty
For additional information on amsmath, use the `?' option.
(/usr/local/texlive/2024/texmf-dist/tex/latex/amsmath/amstext.sty
(/usr/local/texlive/2024/texmf-dist/tex/latex/amsmath/amsgen.sty))
(/usr/local/texlive/2024/texmf-dist/tex/latex/amsmath/amsbsy.sty)
(/usr/local/texlive/2024/texmf-dist/tex/latex/amsmath/amsopn.sty))
(/usr/local/texlive/2024/texmf-dist/tex/latex/amsfonts/amsfonts.sty)
(/usr/local/texlive/2024/texmf-dist/tex/latex/amsfonts/amssymb.sty)
(/usr/local/texlive/2024/texmf-dist/tex/latex/jknapltx/mathrsfs.sty)
(/usr/local/texlive/2024/texmf-dist/tex/latex/base/fontenc.sty)
(/usr/local/texlive/2024/texmf-dist/tex/latex/psnfss/times.sty)
(/usr/local/texlive/2024/texmf-dist/tex/latex/inconsolata/zi4.sty
`inconsolata-zi4' v1.12, 2019/05/17 Text macros for Inconsolata (msharpe)
(/usr/local/texlive/2024/texmf-dist/tex/latex/xkeyval/xkeyval.sty
(/usr/local/texlive/2024/texmf-dist/tex/generic/xkeyval/xkeyval.tex
(/usr/local/texlive/2024/texmf-dist/tex/generic/xkeyval/xkvutils.tex
(/usr/local/texlive/2024/texmf-dist/tex/generic/xkeyval/keyval.tex)))))
(/usr/local/texlive/2024/texmf-dist/tex/latex/graphics/color.sty
(/usr/local/texlive/2024/texmf-dist/tex/latex/graphics-cfg/color.cfg)
(/usr/local/texlive/2024/texmf-dist/tex/latex/graphics-def/pdftex.def)
(/usr/local/texlive/2024/texmf-dist/tex/latex/graphics/mathcolor.ltx))
(/usr/local/texlive/2024/texmf-dist/tex/latex/hyperref/hyperref.sty
(/usr/local/texlive/2024/texmf-dist/tex/latex/kvsetkeys/kvsetkeys.sty)
(/usr/local/texlive/2024/texmf-dist/tex/generic/kvdefinekeys/kvdefinekeys.sty)
(/usr/local/texlive/2024/texmf-dist/tex/generic/pdfescape/pdfescape.sty
(/usr/local/texlive/2024/texmf-dist/tex/generic/ltxcmds/ltxcmds.sty)
(/usr/local/texlive/2024/texmf-dist/tex/generic/pdftexcmds/pdftexcmds.sty
(/usr/local/texlive/2024/texmf-dist/tex/generic/infwarerr/infwarerr.sty)))
(/usr/local/texlive/2024/texmf-dist/tex/latex/hycolor/hycolor.sty)
(/usr/local/texlive/2024/texmf-dist/tex/latex/auxhook/auxhook.sty)
(/usr/local/texlive/2024/texmf-dist/tex/latex/hyperref/nameref.sty
(/usr/local/texlive/2024/texmf-dist/tex/latex/refcount/refcount.sty)
(/usr/local/texlive/2024/texmf-dist/tex/generic/gettitlestring/gettitlestring.s
ty (/usr/local/texlive/2024/texmf-dist/tex/latex/kvoptions/kvoptions.sty)))
(/usr/local/texlive/2024/texmf-dist/tex/latex/etoolbox/etoolbox.sty)
(/usr/local/texlive/2024/texmf-dist/tex/latex/hyperref/pd1enc.def)
(/usr/local/texlive/2024/texmf-dist/tex/generic/intcalc/intcalc.sty)
(/usr/local/texlive/2024/texmf-dist/tex/latex/hyperref/puenc.def)
(/usr/local/texlive/2024/texmf-dist/tex/generic/bitset/bitset.sty
(/usr/local/texlive/2024/texmf-dist/tex/generic/bigintcalc/bigintcalc.sty))
(/usr/local/texlive/2024/texmf-dist/tex/latex/base/atbegshi-ltx.sty))
(/usr/local/texlive/2024/texmf-dist/tex/latex/hyperref/hpdftex.def
(/usr/local/texlive/2024/texmf-dist/tex/latex/base/atveryend-ltx.sty)
(/usr/local/texlive/2024/texmf-dist/tex/latex/rerunfilecheck/rerunfilecheck.sty

(/usr/local/texlive/2024/texmf-dist/tex/generic/uniquecounter/uniquecounter.sty
)))) (/usr/local/texlive/2024/texmf-dist/tex/latex/base/makeidx.sty)
Writing index file Rd2.idx
(/usr/local/texlive/2024/texmf-dist/tex/latex/psnfss/t1ptm.fd)
(/usr/local/texlive/2024/texmf-dist/tex/latex/l3backend/l3backend-pdftex.def)
No file Rd2.aux.
(/usr/local/texlive/2024/texmf-dist/tex/context/base/mkii/supp-pdf.mkii
[Loading MPS to PDF converter (version 2006.09.02).]
) (/usr/local/texlive/2024/texmf-dist/tex/latex/psnfss/ts1ptm.fd)
(/usr/local/texlive/2024/texmf-dist/tex/latex/inconsolata/t1zi4.fd)
(/usr/local/texlive/2024/texmf-dist/tex/latex/amsfonts/umsa.fd)
(/usr/local/texlive/2024/texmf-dist/tex/latex/amsfonts/umsb.fd)
(/usr/local/texlive/2024/texmf-dist/tex/latex/jknapltx/ursfs.fd)
No file Rd2.toc.
[1{/usr/local/texlive/2024/texmf-var/fonts/map/pdftex/updmap/pdftex.map}{/usr/l
ocal/texlive/2024/texmf-dist/fonts/enc/dvips/base/8r.enc}{/usr/local/texlive/20
24/texmf-dist/fonts/enc/dvips/inconsolata/i4-t1-0.enc}] [2] [3]
(/usr/local/texlive/2024/texmf-dist/tex/latex/inconsolata/ts1zi4.fd) [4]
[5{/usr/local/texlive/2024/texmf-dist/fonts/enc/dvips/inconsolata/i4-ts1.enc}]
[6]
Overfull \hbox (7.43814pt too wide) in paragraph at lines 390--394
[]\T1/ptm/m/n/10 is also []\T1/zi4/m/n/10 NULL[]\T1/ptm/m/n/10 , a se-quence of
 val-ues is au-to-mat-i-cally gen-er-ated (e.g., via []\T1/zi4/m/n/10 10^seq(-4
,
[7]
Overfull \hbox (4.05756pt too wide) in paragraph at lines 399--401
[]\T1/ptm/m/n/10 An in-te-ger or user-specified par-ti-tion-ing in-di-cat-ing t
he num-ber of cross-validation

Overfull \hbox (0.43765pt too wide) in paragraph at lines 416--419
[]\T1/ptm/m/n/10 An op-tional vari-able for spec-i-fy-ing which can-di-date is 
in com-pe-ti-tion with which

Overfull \hbox (4.06934pt too wide) in paragraph at lines 463--469
[]\T1/zi4/m/n/10 neural_mcmc_control$n_bayesian_models = 2 []\T1/ptm/m/n/10 to 
fit sep-a-rate AST/DAG mod-
[8]
Overfull \hbox (5.17787pt too wide) in paragraph at lines 505--522
[]\T1/ptm/m/n/10 Optional list over-rid-ing de-fault MCMC set-tings used when [
]\T1/zi4/m/n/10 outcome_model_type

Overfull \hbox (93.58759pt too wide) in paragraph at lines 505--522
\T1/ptm/m/n/10 AST/DAG mod-els (de-fault is 1 for a sin-gle dif-fer-en-tial mod
el). Use []\T1/zi4/m/n/10 neural_mcmc_control$ModelDims

Overfull \hbox (2.49959pt too wide) in paragraph at lines 505--522
\T1/ptm/m/n/10 "batch_vi"), set []\T1/zi4/m/n/10 neural_mcmc_control$optimizer 
[]\T1/ptm/m/n/10 to []\T1/zi4/m/n/10 "adam" []\T1/ptm/m/n/10 (numpyro.optim)

Overfull \hbox (102.91927pt too wide) in paragraph at lines 505--522
\T1/ptm/m/n/10 or []\T1/zi4/m/n/10 "adabelief" []\T1/ptm/m/n/10 (op-tax). Learn
ing-rate de-cay is con-trolled by []\T1/zi4/m/n/10 neural_mcmc_control$svi_lr_s
chedule

Overfull \hbox (47.89987pt too wide) in paragraph at lines 505--522
[]\T1/ptm/m/n/10 (de-fault []\T1/zi4/m/n/10 "warmup_cosine"[]\T1/ptm/m/n/10 ), 
with op-tional []\T1/zi4/m/n/10 svi_lr_warmup_frac []\T1/ptm/m/n/10 and []\T1/z
i4/m/n/10 svi_lr_end_factor[]\T1/ptm/m/n/10 . 
[9]
Overfull \hbox (19.82838pt too wide) in paragraph at lines 544--548
[]\T1/ptm/m/n/10 (de-fault) for Monte Carlo sam-pling with per-draw pri-mary wi
n-ners, or []\T1/zi4/m/n/10 "linearized"
[10] [11] [12]
Overfull \hbox (21.33908pt too wide) in paragraph at lines 728--732
[]\T1/zi4/m/n/10 plot_best_response_curves []\T1/ptm/m/n/10 takes the re-sult o
f an ad-ver-sar-ial [][][]\T1/zi4/m/n/10 strategize[][][] []\T1/ptm/m/n/10 run 
(i.e., with []\T1/zi4/m/n/10 adversarial
[13] [14] [15]
Overfull \hbox (1.81654pt too wide) in paragraph at lines 955--957
[]\T1/ptm/m/n/10 In ad-ver-sar-ial (two-player) mode, both AST and DAG play-ers
' met-rics are shown. In non-adversarial
[16] [17] [18] [19] [20] [21]
Overfull \hbox (11.55678pt too wide) in paragraph at lines 1284--1287
[]\T1/ptm/m/n/10 Logical in-di-cat-ing whether the out-come []\T1/zi4/m/n/10 Y 
[]\T1/ptm/m/n/10 rep-re-sents a first-difference or difference-

Overfull \hbox (4.06934pt too wide) in paragraph at lines 1293--1299
[]\T1/zi4/m/n/10 neural_mcmc_control$n_bayesian_models = 2 []\T1/ptm/m/n/10 to 
fit sep-a-rate AST/DAG mod-
[22]
Overfull \hbox (6.55933pt too wide) in paragraph at lines 1307--1311
\T1/ptm/m/n/10 model co-ef-fi-cients to-ward a shared av-er-age when []\T1/zi4/
m/n/10 adversarial_model_strategy

Overfull \hbox (5.17787pt too wide) in paragraph at lines 1333--1351
[]\T1/ptm/m/n/10 Optional list over-rid-ing de-fault MCMC set-tings used when [
]\T1/zi4/m/n/10 outcome_model_type

Overfull \hbox (38.9694pt too wide) in paragraph at lines 1333--1351
\T1/zi4/m/n/10 = "neural"[]\T1/ptm/m/n/10 . Named en-tries over-ride the de-fau
lts in []\T1/zi4/m/n/10 CS_2Step_ModelOutcome_neural.R[]\T1/ptm/m/n/10 .

Overfull \hbox (2.41992pt too wide) in paragraph at lines 1333--1351
\T1/ptm/m/n/10 Set []\T1/zi4/m/n/10 neural_mcmc_control$uncertainty_scope = "ou
tput" []\T1/ptm/m/n/10 to com-pute delta-

Overfull \hbox (12.74069pt too wide) in paragraph at lines 1333--1351
\T1/ptm/m/n/10 Use []\T1/zi4/m/n/10 neural_mcmc_control$ModelDims []\T1/ptm/m/n
/10 and []\T1/zi4/m/n/10 neural_mcmc_control$ModelDepth

Overfull \hbox (119.73929pt too wide) in paragraph at lines 1333--1351
[]\T1/ptm/m/n/10 to over-ride the Trans-former hid-den width and depth. Set []\
T1/zi4/m/n/10 neural_mcmc_control$cross_candidate_encoder

Overfull \hbox (2.49959pt too wide) in paragraph at lines 1333--1351
\T1/ptm/m/n/10 "batch_vi"), set []\T1/zi4/m/n/10 neural_mcmc_control$optimizer 
[]\T1/ptm/m/n/10 to []\T1/zi4/m/n/10 "adam" []\T1/ptm/m/n/10 (numpyro.optim)

Overfull \hbox (102.91927pt too wide) in paragraph at lines 1333--1351
\T1/ptm/m/n/10 or []\T1/zi4/m/n/10 "adabelief" []\T1/ptm/m/n/10 (op-tax). Learn
ing-rate de-cay is con-trolled by []\T1/zi4/m/n/10 neural_mcmc_control$svi_lr_s
chedule

Overfull \hbox (47.89987pt too wide) in paragraph at lines 1333--1351
[]\T1/ptm/m/n/10 (de-fault []\T1/zi4/m/n/10 "warmup_cosine"[]\T1/ptm/m/n/10 ), 
with op-tional []\T1/zi4/m/n/10 svi_lr_warmup_frac []\T1/ptm/m/n/10 and []\T1/z
i4/m/n/10 svi_lr_end_factor[]\T1/ptm/m/n/10 . 

Overfull \hbox (17.64828pt too wide) in paragraph at lines 1352--1355
[]\T1/ptm/m/n/10 A char-ac-ter string spec-i-fy-ing the type of penalty (e.g., 
[]\T1/zi4/m/n/10 "KL"[]\T1/ptm/m/n/10 , []\T1/zi4/m/n/10 "L2"[]\T1/ptm/m/n/10 ,
 or []\T1/zi4/m/n/10 "LogMaxProb"[]\T1/ptm/m/n/10 )
[23]
Overfull \hbox (19.19803pt too wide) in paragraph at lines 1359--1362
\T1/zi4/m/n/10 TRUE[]\T1/ptm/m/n/10 . []\T1/zi4/m/n/10 "full" []\T1/ptm/m/n/10 
dif-fer-en-ti-ates through the full op-ti-miza-tion trace (de-fault). []\T1/zi4
/m/n/10 "implicit"

Overfull \hbox (20.21663pt too wide) in paragraph at lines 1359--1362
[]\T1/ptm/m/n/10 uses im-plicit dif-fer-en-ti-a-tion at the so-lu-tion (ad-ver-
sar-ial equi-lib-rium or non-adversarial

Overfull \hbox (4.58041pt too wide) in paragraph at lines 1371--1373
[]\T1/ptm/m/n/10 Numeric in $\OT1/cmr/m/n/10 (0\OML/cmm/m/it/10 ; \OT1/cmr/m/n/
10 1)$\T1/ptm/m/n/10 , spec-i-fy-ing the con-fi-dence level for in-ter-vals or 
cred-i-ble bounds.

Overfull \hbox (19.82838pt too wide) in paragraph at lines 1384--1388
[]\T1/ptm/m/n/10 (de-fault) for Monte Carlo sam-pling with per-draw pri-mary wi
n-ners, or []\T1/zi4/m/n/10 "linearized"
[24] [25]
Overfull \hbox (3.3386pt too wide) in paragraph at lines 1491--1492
[]\T1/ptm/m/n/10 Standard er-rors for en-tries in []\T1/zi4/m/n/10 pi_star_poin
t[]\T1/ptm/m/n/10 . Mir-rors the struc-ture of []\T1/zi4/m/n/10 pi_star_point

Overfull \hbox (15.05844pt too wide) in paragraph at lines 1513--1516
[][][]\T1/zi4/m/n/10 cv_strategize[][][] []\T1/ptm/m/n/10 for cross-validation 
across can-di-date val-ues of []\T1/zi4/m/n/10 lambda[]\T1/ptm/m/n/10 . See als
o [][][]\T1/zi4/m/n/10 strategize_onestep[][][]
[26] [27]
Overfull \hbox (5.78822pt too wide) in paragraph at lines 1655--1658
[]\T1/ptm/m/n/10 Optional char-ac-ter vec-tor of col-ors (one per set of prob-a
-bil-i-ties in []\T1/zi4/m/n/10 pi_star_list[]\T1/ptm/m/n/10 ).
[28] [29] [30]
Overfull \hbox (13.2476pt too wide) in paragraph at lines 1806--1809
\T1/ptm/m/n/10 choice de-signs, each row gen-er-ally rep-re-sents a sin-gle pro
-file or a sin-gle respondent-
[31]
Overfull \hbox (30.78735pt too wide) in paragraph at lines 1843--1846
[]\T1/ptm/m/n/10 A char-ac-ter spec-i-fy-ing the type of penalty for shift-ing 
prob-a-bil-i-ties (e.g., []\T1/zi4/m/n/10 "LogMaxProb"[]\T1/ptm/m/n/10 ,

Overfull \hbox (3.72823pt too wide) in paragraph at lines 1875--1877
[]\T1/ptm/m/n/10 A char-ac-ter con-trol-ling the type of gra-di-ent up-dates (e
.g., []\T1/zi4/m/n/10 "adanorm"[]\T1/ptm/m/n/10 , []\T1/zi4/m/n/10 "wngrad"[]\T
1/ptm/m/n/10 ).
[32] [33]
Overfull \hbox (24.49965pt too wide) in paragraph at lines 1974--1976
[]\T1/ptm/m/n/10 Advanced ar-gu-ments like []\T1/zi4/m/n/10 X_factorized[]\T1/p
tm/m/n/10 , []\T1/zi4/m/n/10 conda_env[]\T1/ptm/m/n/10 , []\T1/zi4/m/n/10 optim
_method[]\T1/ptm/m/n/10 , or spec-i-fy-ing []\T1/zi4/m/n/10 adaptive_momentum
[34] [35] [36] [37] [38] [39] [40] [41]
Overfull \hbox (46.38826pt too wide) in paragraph at lines 2479--2493
\T1/ptm/m/n/10 mod-els (de-fault is 1 for a sin-gle dif-fer-en-tial model). Set
 []\T1/zi4/m/n/10 neural_mcmc_control$ModelDims

Overfull \hbox (2.49959pt too wide) in paragraph at lines 2479--2493
\T1/ptm/m/n/10 "batch_vi"), set []\T1/zi4/m/n/10 neural_mcmc_control$optimizer 
[]\T1/ptm/m/n/10 to []\T1/zi4/m/n/10 "adam" []\T1/ptm/m/n/10 (numpyro.optim)

Overfull \hbox (102.91927pt too wide) in paragraph at lines 2479--2493
\T1/ptm/m/n/10 or []\T1/zi4/m/n/10 "adabelief" []\T1/ptm/m/n/10 (op-tax). Learn
ing-rate de-cay is con-trolled by []\T1/zi4/m/n/10 neural_mcmc_control$svi_lr_s
chedule

Overfull \hbox (47.89987pt too wide) in paragraph at lines 2479--2493
[]\T1/ptm/m/n/10 (de-fault []\T1/zi4/m/n/10 "warmup_cosine"[]\T1/ptm/m/n/10 ), 
with op-tional []\T1/zi4/m/n/10 svi_lr_warmup_frac []\T1/ptm/m/n/10 and []\T1/z
i4/m/n/10 svi_lr_end_factor[]\T1/ptm/m/n/10 . 
No file Rd2.ind.
[42]
(/private/var/folders/gv/l5wlstr55gl_g0pgx6k47z9m0000gn/T/RtmpuscBh3/Rd2pdf10d5
4517efc78/Rd2.aux)

Package rerunfilecheck Warning: File `Rd2.out' has changed.
(rerunfilecheck)                Rerun to get outlines right
(rerunfilecheck)                or use package `bookmark'.

 )
(see the transcript file for additional information)</usr/local/texlive/2024/te
xmf-dist/fonts/type1/public/inconsolata/Inconsolata-zi4r.pfb></usr/local/texliv
e/2024/texmf-dist/fonts/type1/public/amsfonts/cm/cmex10.pfb></usr/local/texlive
/2024/texmf-dist/fonts/type1/public/amsfonts/cm/cmmi10.pfb></usr/local/texlive/
2024/texmf-dist/fonts/type1/public/amsfonts/cm/cmmi5.pfb></usr/local/texlive/20
24/texmf-dist/fonts/type1/public/amsfonts/cm/cmmi7.pfb></usr/local/texlive/2024
/texmf-dist/fonts/type1/public/amsfonts/cm/cmmib10.pfb></usr/local/texlive/2024
/texmf-dist/fonts/type1/public/amsfonts/cm/cmr10.pfb></usr/local/texlive/2024/t
exmf-dist/fonts/type1/public/amsfonts/cm/cmr7.pfb></usr/local/texlive/2024/texm
f-dist/fonts/type1/public/amsfonts/cm/cmsy10.pfb></usr/local/texlive/2024/texmf
-dist/fonts/type1/public/amsfonts/cm/cmsy7.pfb></usr/local/texlive/2024/texmf-d
ist/fonts/type1/urw/times/utmb8a.pfb></usr/local/texlive/2024/texmf-dist/fonts/
type1/urw/times/utmr8a.pfb></usr/local/texlive/2024/texmf-dist/fonts/type1/urw/
times/utmr8a.pfb></usr/local/texlive/2024/texmf-dist/fonts/type1/urw/times/utmr
i8a.pfb>
Output written on Rd2.pdf (42 pages, 269807 bytes).
Transcript written on Rd2.log.
This is makeindex, version 2.17 [TeX Live 2024] (kpathsea + Thai support).
Scanning input file Rd2.idx....done (57 entries accepted, 0 rejected).
Sorting entries....done (349 comparisons).
Generating output file Rd2.ind....done (71 lines written, 0 warnings).
Output written in Rd2.ind.
Transcript written in Rd2.ilg.
This is pdfTeX, Version 3.141592653-2.6-1.40.26 (TeX Live 2024) (preloaded format=pdflatex)
 restricted \write18 enabled.
entering extended mode
LaTeX2e <2023-11-01> patch level 1
L3 programming layer <2024-02-20>
(./Rd2.tex
(/usr/local/texlive/2024/texmf-dist/tex/latex/base/book.cls
Document Class: book 2023/05/17 v1.4n Standard LaTeX document class
(/usr/local/texlive/2024/texmf-dist/tex/latex/base/bk10.clo))
(/Library/Frameworks/R.framework/Resources/share/texmf/tex/latex/Rd.sty
(/usr/local/texlive/2024/texmf-dist/tex/latex/base/ifthen.sty)
(/usr/local/texlive/2024/texmf-dist/tex/generic/iftex/iftex.sty)
(/usr/local/texlive/2024/texmf-dist/tex/latex/tools/longtable.sty)
(/usr/local/texlive/2024/texmf-dist/tex/latex/tools/bm.sty)
(/usr/local/texlive/2024/texmf-dist/tex/latex/base/alltt.sty)
(/usr/local/texlive/2024/texmf-dist/tex/latex/tools/verbatim.sty)
(/usr/local/texlive/2024/texmf-dist/tex/latex/url/url.sty)
(/usr/local/texlive/2024/texmf-dist/tex/latex/base/textcomp.sty)
(/usr/local/texlive/2024/texmf-dist/tex/latex/amsmath/amsmath.sty
For additional information on amsmath, use the `?' option.
(/usr/local/texlive/2024/texmf-dist/tex/latex/amsmath/amstext.sty
(/usr/local/texlive/2024/texmf-dist/tex/latex/amsmath/amsgen.sty))
(/usr/local/texlive/2024/texmf-dist/tex/latex/amsmath/amsbsy.sty)
(/usr/local/texlive/2024/texmf-dist/tex/latex/amsmath/amsopn.sty))
(/usr/local/texlive/2024/texmf-dist/tex/latex/amsfonts/amsfonts.sty)
(/usr/local/texlive/2024/texmf-dist/tex/latex/amsfonts/amssymb.sty)
(/usr/local/texlive/2024/texmf-dist/tex/latex/jknapltx/mathrsfs.sty)
(/usr/local/texlive/2024/texmf-dist/tex/latex/base/fontenc.sty)
(/usr/local/texlive/2024/texmf-dist/tex/latex/psnfss/times.sty)
(/usr/local/texlive/2024/texmf-dist/tex/latex/inconsolata/zi4.sty
`inconsolata-zi4' v1.12, 2019/05/17 Text macros for Inconsolata (msharpe)
(/usr/local/texlive/2024/texmf-dist/tex/latex/xkeyval/xkeyval.sty
(/usr/local/texlive/2024/texmf-dist/tex/generic/xkeyval/xkeyval.tex
(/usr/local/texlive/2024/texmf-dist/tex/generic/xkeyval/xkvutils.tex
(/usr/local/texlive/2024/texmf-dist/tex/generic/xkeyval/keyval.tex)))))
(/usr/local/texlive/2024/texmf-dist/tex/latex/graphics/color.sty
(/usr/local/texlive/2024/texmf-dist/tex/latex/graphics-cfg/color.cfg)
(/usr/local/texlive/2024/texmf-dist/tex/latex/graphics-def/pdftex.def)
(/usr/local/texlive/2024/texmf-dist/tex/latex/graphics/mathcolor.ltx))
(/usr/local/texlive/2024/texmf-dist/tex/latex/hyperref/hyperref.sty
(/usr/local/texlive/2024/texmf-dist/tex/latex/kvsetkeys/kvsetkeys.sty)
(/usr/local/texlive/2024/texmf-dist/tex/generic/kvdefinekeys/kvdefinekeys.sty)
(/usr/local/texlive/2024/texmf-dist/tex/generic/pdfescape/pdfescape.sty
(/usr/local/texlive/2024/texmf-dist/tex/generic/ltxcmds/ltxcmds.sty)
(/usr/local/texlive/2024/texmf-dist/tex/generic/pdftexcmds/pdftexcmds.sty
(/usr/local/texlive/2024/texmf-dist/tex/generic/infwarerr/infwarerr.sty)))
(/usr/local/texlive/2024/texmf-dist/tex/latex/hycolor/hycolor.sty)
(/usr/local/texlive/2024/texmf-dist/tex/latex/auxhook/auxhook.sty)
(/usr/local/texlive/2024/texmf-dist/tex/latex/hyperref/nameref.sty
(/usr/local/texlive/2024/texmf-dist/tex/latex/refcount/refcount.sty)
(/usr/local/texlive/2024/texmf-dist/tex/generic/gettitlestring/gettitlestring.s
ty (/usr/local/texlive/2024/texmf-dist/tex/latex/kvoptions/kvoptions.sty)))
(/usr/local/texlive/2024/texmf-dist/tex/latex/etoolbox/etoolbox.sty)
(/usr/local/texlive/2024/texmf-dist/tex/latex/hyperref/pd1enc.def)
(/usr/local/texlive/2024/texmf-dist/tex/generic/intcalc/intcalc.sty)
(/usr/local/texlive/2024/texmf-dist/tex/latex/hyperref/puenc.def)
(/usr/local/texlive/2024/texmf-dist/tex/generic/bitset/bitset.sty
(/usr/local/texlive/2024/texmf-dist/tex/generic/bigintcalc/bigintcalc.sty))
(/usr/local/texlive/2024/texmf-dist/tex/latex/base/atbegshi-ltx.sty))
(/usr/local/texlive/2024/texmf-dist/tex/latex/hyperref/hpdftex.def
(/usr/local/texlive/2024/texmf-dist/tex/latex/base/atveryend-ltx.sty)
(/usr/local/texlive/2024/texmf-dist/tex/latex/rerunfilecheck/rerunfilecheck.sty

(/usr/local/texlive/2024/texmf-dist/tex/generic/uniquecounter/uniquecounter.sty
)))) (/usr/local/texlive/2024/texmf-dist/tex/latex/base/makeidx.sty)
Writing index file Rd2.idx
(/usr/local/texlive/2024/texmf-dist/tex/latex/psnfss/t1ptm.fd)
(/usr/local/texlive/2024/texmf-dist/tex/latex/l3backend/l3backend-pdftex.def)
(/private/var/folders/gv/l5wlstr55gl_g0pgx6k47z9m0000gn/T/RtmpuscBh3/Rd2pdf10d5
4517efc78/Rd2.aux)
(/usr/local/texlive/2024/texmf-dist/tex/context/base/mkii/supp-pdf.mkii
[Loading MPS to PDF converter (version 2006.09.02).]
)
(/private/var/folders/gv/l5wlstr55gl_g0pgx6k47z9m0000gn/T/RtmpuscBh3/Rd2pdf10d5
4517efc78/Rd2.out)
(/private/var/folders/gv/l5wlstr55gl_g0pgx6k47z9m0000gn/T/RtmpuscBh3/Rd2pdf10d5
4517efc78/Rd2.out)
(/usr/local/texlive/2024/texmf-dist/tex/latex/psnfss/ts1ptm.fd)
(/usr/local/texlive/2024/texmf-dist/tex/latex/inconsolata/t1zi4.fd)
(/usr/local/texlive/2024/texmf-dist/tex/latex/amsfonts/umsa.fd)
(/usr/local/texlive/2024/texmf-dist/tex/latex/amsfonts/umsb.fd)
(/usr/local/texlive/2024/texmf-dist/tex/latex/jknapltx/ursfs.fd)
(/private/var/folders/gv/l5wlstr55gl_g0pgx6k47z9m0000gn/T/RtmpuscBh3/Rd2pdf10d5
4517efc78/Rd2.toc [1{/usr/local/texlive/2024/texmf-var/fonts/map/pdftex/updmap/
pdftex.map}{/usr/local/texlive/2024/texmf-dist/fonts/enc/dvips/base/8r.enc}{/us
r/local/texlive/2024/texmf-dist/fonts/enc/dvips/inconsolata/i4-t1-0.enc}])
[2] [3] [4] (/usr/local/texlive/2024/texmf-dist/tex/latex/inconsolata/ts1zi4.fd
) [5{/usr/local/texlive/2024/texmf-dist/fonts/enc/dvips/inconsolata/i4-ts1.enc}
] [6] [7]
Overfull \hbox (7.43814pt too wide) in paragraph at lines 390--394
[]\T1/ptm/m/n/10 is also []\T1/zi4/m/n/10 NULL[]\T1/ptm/m/n/10 , a se-quence of
 val-ues is au-to-mat-i-cally gen-er-ated (e.g., via []\T1/zi4/m/n/10 10^seq(-4
,

Overfull \hbox (4.05756pt too wide) in paragraph at lines 399--401
[]\T1/ptm/m/n/10 An in-te-ger or user-specified par-ti-tion-ing in-di-cat-ing t
he num-ber of cross-validation

Overfull \hbox (0.43765pt too wide) in paragraph at lines 416--419
[]\T1/ptm/m/n/10 An op-tional vari-able for spec-i-fy-ing which can-di-date is 
in com-pe-ti-tion with which
[8]
Overfull \hbox (4.06934pt too wide) in paragraph at lines 463--469
[]\T1/zi4/m/n/10 neural_mcmc_control$n_bayesian_models = 2 []\T1/ptm/m/n/10 to 
fit sep-a-rate AST/DAG mod-
[9]
Overfull \hbox (5.17787pt too wide) in paragraph at lines 505--522
[]\T1/ptm/m/n/10 Optional list over-rid-ing de-fault MCMC set-tings used when [
]\T1/zi4/m/n/10 outcome_model_type

Overfull \hbox (93.58759pt too wide) in paragraph at lines 505--522
\T1/ptm/m/n/10 AST/DAG mod-els (de-fault is 1 for a sin-gle dif-fer-en-tial mod
el). Use []\T1/zi4/m/n/10 neural_mcmc_control$ModelDims

Overfull \hbox (2.49959pt too wide) in paragraph at lines 505--522
\T1/ptm/m/n/10 "batch_vi"), set []\T1/zi4/m/n/10 neural_mcmc_control$optimizer 
[]\T1/ptm/m/n/10 to []\T1/zi4/m/n/10 "adam" []\T1/ptm/m/n/10 (numpyro.optim)

Overfull \hbox (102.91927pt too wide) in paragraph at lines 505--522
\T1/ptm/m/n/10 or []\T1/zi4/m/n/10 "adabelief" []\T1/ptm/m/n/10 (op-tax). Learn
ing-rate de-cay is con-trolled by []\T1/zi4/m/n/10 neural_mcmc_control$svi_lr_s
chedule

Overfull \hbox (47.89987pt too wide) in paragraph at lines 505--522
[]\T1/ptm/m/n/10 (de-fault []\T1/zi4/m/n/10 "warmup_cosine"[]\T1/ptm/m/n/10 ), 
with op-tional []\T1/zi4/m/n/10 svi_lr_warmup_frac []\T1/ptm/m/n/10 and []\T1/z
i4/m/n/10 svi_lr_end_factor[]\T1/ptm/m/n/10 . 

Overfull \hbox (19.82838pt too wide) in paragraph at lines 544--548
[]\T1/ptm/m/n/10 (de-fault) for Monte Carlo sam-pling with per-draw pri-mary wi
n-ners, or []\T1/zi4/m/n/10 "linearized"
[10] [11] [12]
Overfull \hbox (21.33908pt too wide) in paragraph at lines 728--732
[]\T1/zi4/m/n/10 plot_best_response_curves []\T1/ptm/m/n/10 takes the re-sult o
f an ad-ver-sar-ial [][][]\T1/zi4/m/n/10 strategize[][][] []\T1/ptm/m/n/10 run 
(i.e., with []\T1/zi4/m/n/10 adversarial
[13] [14] [15] [16]
Overfull \hbox (1.81654pt too wide) in paragraph at lines 955--957
[]\T1/ptm/m/n/10 In ad-ver-sar-ial (two-player) mode, both AST and DAG play-ers
' met-rics are shown. In non-adversarial
[17] [18] [19] [20] [21] [22]
Overfull \hbox (11.55678pt too wide) in paragraph at lines 1284--1287
[]\T1/ptm/m/n/10 Logical in-di-cat-ing whether the out-come []\T1/zi4/m/n/10 Y 
[]\T1/ptm/m/n/10 rep-re-sents a first-difference or difference-

Overfull \hbox (4.06934pt too wide) in paragraph at lines 1293--1299
[]\T1/zi4/m/n/10 neural_mcmc_control$n_bayesian_models = 2 []\T1/ptm/m/n/10 to 
fit sep-a-rate AST/DAG mod-

Overfull \hbox (6.55933pt too wide) in paragraph at lines 1307--1311
\T1/ptm/m/n/10 model co-ef-fi-cients to-ward a shared av-er-age when []\T1/zi4/
m/n/10 adversarial_model_strategy
[23]
Overfull \hbox (5.17787pt too wide) in paragraph at lines 1333--1351
[]\T1/ptm/m/n/10 Optional list over-rid-ing de-fault MCMC set-tings used when [
]\T1/zi4/m/n/10 outcome_model_type

Overfull \hbox (38.9694pt too wide) in paragraph at lines 1333--1351
\T1/zi4/m/n/10 = "neural"[]\T1/ptm/m/n/10 . Named en-tries over-ride the de-fau
lts in []\T1/zi4/m/n/10 CS_2Step_ModelOutcome_neural.R[]\T1/ptm/m/n/10 .

Overfull \hbox (2.41992pt too wide) in paragraph at lines 1333--1351
\T1/ptm/m/n/10 Set []\T1/zi4/m/n/10 neural_mcmc_control$uncertainty_scope = "ou
tput" []\T1/ptm/m/n/10 to com-pute delta-

Overfull \hbox (12.74069pt too wide) in paragraph at lines 1333--1351
\T1/ptm/m/n/10 Use []\T1/zi4/m/n/10 neural_mcmc_control$ModelDims []\T1/ptm/m/n
/10 and []\T1/zi4/m/n/10 neural_mcmc_control$ModelDepth

Overfull \hbox (119.73929pt too wide) in paragraph at lines 1333--1351
[]\T1/ptm/m/n/10 to over-ride the Trans-former hid-den width and depth. Set []\
T1/zi4/m/n/10 neural_mcmc_control$cross_candidate_encoder

Overfull \hbox (2.49959pt too wide) in paragraph at lines 1333--1351
\T1/ptm/m/n/10 "batch_vi"), set []\T1/zi4/m/n/10 neural_mcmc_control$optimizer 
[]\T1/ptm/m/n/10 to []\T1/zi4/m/n/10 "adam" []\T1/ptm/m/n/10 (numpyro.optim)

Overfull \hbox (102.91927pt too wide) in paragraph at lines 1333--1351
\T1/ptm/m/n/10 or []\T1/zi4/m/n/10 "adabelief" []\T1/ptm/m/n/10 (op-tax). Learn
ing-rate de-cay is con-trolled by []\T1/zi4/m/n/10 neural_mcmc_control$svi_lr_s
chedule

Overfull \hbox (47.89987pt too wide) in paragraph at lines 1333--1351
[]\T1/ptm/m/n/10 (de-fault []\T1/zi4/m/n/10 "warmup_cosine"[]\T1/ptm/m/n/10 ), 
with op-tional []\T1/zi4/m/n/10 svi_lr_warmup_frac []\T1/ptm/m/n/10 and []\T1/z
i4/m/n/10 svi_lr_end_factor[]\T1/ptm/m/n/10 . 

Overfull \hbox (17.64828pt too wide) in paragraph at lines 1352--1355
[]\T1/ptm/m/n/10 A char-ac-ter string spec-i-fy-ing the type of penalty (e.g., 
[]\T1/zi4/m/n/10 "KL"[]\T1/ptm/m/n/10 , []\T1/zi4/m/n/10 "L2"[]\T1/ptm/m/n/10 ,
 or []\T1/zi4/m/n/10 "LogMaxProb"[]\T1/ptm/m/n/10 )

Overfull \hbox (19.19803pt too wide) in paragraph at lines 1359--1362
\T1/zi4/m/n/10 TRUE[]\T1/ptm/m/n/10 . []\T1/zi4/m/n/10 "full" []\T1/ptm/m/n/10 
dif-fer-en-ti-ates through the full op-ti-miza-tion trace (de-fault). []\T1/zi4
/m/n/10 "implicit"

Overfull \hbox (20.21663pt too wide) in paragraph at lines 1359--1362
[]\T1/ptm/m/n/10 uses im-plicit dif-fer-en-ti-a-tion at the so-lu-tion (ad-ver-
sar-ial equi-lib-rium or non-adversarial

Overfull \hbox (4.58041pt too wide) in paragraph at lines 1371--1373
[]\T1/ptm/m/n/10 Numeric in $\OT1/cmr/m/n/10 (0\OML/cmm/m/it/10 ; \OT1/cmr/m/n/
10 1)$\T1/ptm/m/n/10 , spec-i-fy-ing the con-fi-dence level for in-ter-vals or 
cred-i-ble bounds.
[24]
Overfull \hbox (19.82838pt too wide) in paragraph at lines 1384--1388
[]\T1/ptm/m/n/10 (de-fault) for Monte Carlo sam-pling with per-draw pri-mary wi
n-ners, or []\T1/zi4/m/n/10 "linearized"
[25]
Overfull \hbox (3.3386pt too wide) in paragraph at lines 1491--1492
[]\T1/ptm/m/n/10 Standard er-rors for en-tries in []\T1/zi4/m/n/10 pi_star_poin
t[]\T1/ptm/m/n/10 . Mir-rors the struc-ture of []\T1/zi4/m/n/10 pi_star_point
[26]
Overfull \hbox (15.05844pt too wide) in paragraph at lines 1513--1516
[][][]\T1/zi4/m/n/10 cv_strategize[][][] []\T1/ptm/m/n/10 for cross-validation 
across can-di-date val-ues of []\T1/zi4/m/n/10 lambda[]\T1/ptm/m/n/10 . See als
o [][][]\T1/zi4/m/n/10 strategize_onestep[][][]
[27] [28]
Overfull \hbox (5.78822pt too wide) in paragraph at lines 1655--1658
[]\T1/ptm/m/n/10 Optional char-ac-ter vec-tor of col-ors (one per set of prob-a
-bil-i-ties in []\T1/zi4/m/n/10 pi_star_list[]\T1/ptm/m/n/10 ).
[29] [30] [31]
Overfull \hbox (13.2476pt too wide) in paragraph at lines 1806--1809
\T1/ptm/m/n/10 choice de-signs, each row gen-er-ally rep-re-sents a sin-gle pro
-file or a sin-gle respondent-

Overfull \hbox (30.78735pt too wide) in paragraph at lines 1843--1846
[]\T1/ptm/m/n/10 A char-ac-ter spec-i-fy-ing the type of penalty for shift-ing 
prob-a-bil-i-ties (e.g., []\T1/zi4/m/n/10 "LogMaxProb"[]\T1/ptm/m/n/10 ,
[32]
Overfull \hbox (3.72823pt too wide) in paragraph at lines 1875--1877
[]\T1/ptm/m/n/10 A char-ac-ter con-trol-ling the type of gra-di-ent up-dates (e
.g., []\T1/zi4/m/n/10 "adanorm"[]\T1/ptm/m/n/10 , []\T1/zi4/m/n/10 "wngrad"[]\T
1/ptm/m/n/10 ).
[33]
Overfull \hbox (24.49965pt too wide) in paragraph at lines 1974--1976
[]\T1/ptm/m/n/10 Advanced ar-gu-ments like []\T1/zi4/m/n/10 X_factorized[]\T1/p
tm/m/n/10 , []\T1/zi4/m/n/10 conda_env[]\T1/ptm/m/n/10 , []\T1/zi4/m/n/10 optim
_method[]\T1/ptm/m/n/10 , or spec-i-fy-ing []\T1/zi4/m/n/10 adaptive_momentum
[34] [35] [36] [37] [38] [39] [40] [41]
Overfull \hbox (46.38826pt too wide) in paragraph at lines 2479--2493
\T1/ptm/m/n/10 mod-els (de-fault is 1 for a sin-gle dif-fer-en-tial model). Set
 []\T1/zi4/m/n/10 neural_mcmc_control$ModelDims

Overfull \hbox (2.49959pt too wide) in paragraph at lines 2479--2493
\T1/ptm/m/n/10 "batch_vi"), set []\T1/zi4/m/n/10 neural_mcmc_control$optimizer 
[]\T1/ptm/m/n/10 to []\T1/zi4/m/n/10 "adam" []\T1/ptm/m/n/10 (numpyro.optim)

Overfull \hbox (102.91927pt too wide) in paragraph at lines 2479--2493
\T1/ptm/m/n/10 or []\T1/zi4/m/n/10 "adabelief" []\T1/ptm/m/n/10 (op-tax). Learn
ing-rate de-cay is con-trolled by []\T1/zi4/m/n/10 neural_mcmc_control$svi_lr_s
chedule

Overfull \hbox (47.89987pt too wide) in paragraph at lines 2479--2493
[]\T1/ptm/m/n/10 (de-fault []\T1/zi4/m/n/10 "warmup_cosine"[]\T1/ptm/m/n/10 ), 
with op-tional []\T1/zi4/m/n/10 svi_lr_warmup_frac []\T1/ptm/m/n/10 and []\T1/z
i4/m/n/10 svi_lr_end_factor[]\T1/ptm/m/n/10 . 
[42]
(/private/var/folders/gv/l5wlstr55gl_g0pgx6k47z9m0000gn/T/RtmpuscBh3/Rd2pdf10d5
4517efc78/Rd2.ind [43] [44])
(/private/var/folders/gv/l5wlstr55gl_g0pgx6k47z9m0000gn/T/RtmpuscBh3/Rd2pdf10d5
4517efc78/Rd2.aux)

Package rerunfilecheck Warning: File `Rd2.out' has changed.
(rerunfilecheck)                Rerun to get outlines right
(rerunfilecheck)                or use package `bookmark'.

 )
(see the transcript file for additional information)</usr/local/texlive/2024/te
xmf-dist/fonts/type1/public/inconsolata/Inconsolata-zi4r.pfb></usr/local/texliv
e/2024/texmf-dist/fonts/type1/public/amsfonts/cm/cmex10.pfb></usr/local/texlive
/2024/texmf-dist/fonts/type1/public/amsfonts/cm/cmmi10.pfb></usr/local/texlive/
2024/texmf-dist/fonts/type1/public/amsfonts/cm/cmmi5.pfb></usr/local/texlive/20
24/texmf-dist/fonts/type1/public/amsfonts/cm/cmmi7.pfb></usr/local/texlive/2024
/texmf-dist/fonts/type1/public/amsfonts/cm/cmmib10.pfb></usr/local/texlive/2024
/texmf-dist/fonts/type1/public/amsfonts/cm/cmr10.pfb></usr/local/texlive/2024/t
exmf-dist/fonts/type1/public/amsfonts/cm/cmr7.pfb></usr/local/texlive/2024/texm
f-dist/fonts/type1/public/amsfonts/cm/cmsy10.pfb></usr/local/texlive/2024/texmf
-dist/fonts/type1/public/amsfonts/cm/cmsy7.pfb></usr/local/texlive/2024/texmf-d
ist/fonts/type1/urw/times/utmb8a.pfb></usr/local/texlive/2024/texmf-dist/fonts/
type1/urw/times/utmr8a.pfb></usr/local/texlive/2024/texmf-dist/fonts/type1/urw/
times/utmr8a.pfb></usr/local/texlive/2024/texmf-dist/fonts/type1/urw/times/utmr
i8a.pfb>
Output written on Rd2.pdf (44 pages, 277803 bytes).
Transcript written on Rd2.log.
This is makeindex, version 2.17 [TeX Live 2024] (kpathsea + Thai support).
Scanning input file Rd2.idx....done (57 entries accepted, 0 rejected).
Sorting entries....done (358 comparisons).
Generating output file Rd2.ind....done (72 lines written, 0 warnings).
Output written in Rd2.ind.
Transcript written in Rd2.ilg.
This is pdfTeX, Version 3.141592653-2.6-1.40.26 (TeX Live 2024) (preloaded format=pdflatex)
 restricted \write18 enabled.
entering extended mode
LaTeX2e <2023-11-01> patch level 1
L3 programming layer <2024-02-20>
(./Rd2.tex
(/usr/local/texlive/2024/texmf-dist/tex/latex/base/book.cls
Document Class: book 2023/05/17 v1.4n Standard LaTeX document class
(/usr/local/texlive/2024/texmf-dist/tex/latex/base/bk10.clo))
(/Library/Frameworks/R.framework/Resources/share/texmf/tex/latex/Rd.sty
(/usr/local/texlive/2024/texmf-dist/tex/latex/base/ifthen.sty)
(/usr/local/texlive/2024/texmf-dist/tex/generic/iftex/iftex.sty)
(/usr/local/texlive/2024/texmf-dist/tex/latex/tools/longtable.sty)
(/usr/local/texlive/2024/texmf-dist/tex/latex/tools/bm.sty)
(/usr/local/texlive/2024/texmf-dist/tex/latex/base/alltt.sty)
(/usr/local/texlive/2024/texmf-dist/tex/latex/tools/verbatim.sty)
(/usr/local/texlive/2024/texmf-dist/tex/latex/url/url.sty)
(/usr/local/texlive/2024/texmf-dist/tex/latex/base/textcomp.sty)
(/usr/local/texlive/2024/texmf-dist/tex/latex/amsmath/amsmath.sty
For additional information on amsmath, use the `?' option.
(/usr/local/texlive/2024/texmf-dist/tex/latex/amsmath/amstext.sty
(/usr/local/texlive/2024/texmf-dist/tex/latex/amsmath/amsgen.sty))
(/usr/local/texlive/2024/texmf-dist/tex/latex/amsmath/amsbsy.sty)
(/usr/local/texlive/2024/texmf-dist/tex/latex/amsmath/amsopn.sty))
(/usr/local/texlive/2024/texmf-dist/tex/latex/amsfonts/amsfonts.sty)
(/usr/local/texlive/2024/texmf-dist/tex/latex/amsfonts/amssymb.sty)
(/usr/local/texlive/2024/texmf-dist/tex/latex/jknapltx/mathrsfs.sty)
(/usr/local/texlive/2024/texmf-dist/tex/latex/base/fontenc.sty)
(/usr/local/texlive/2024/texmf-dist/tex/latex/psnfss/times.sty)
(/usr/local/texlive/2024/texmf-dist/tex/latex/inconsolata/zi4.sty
`inconsolata-zi4' v1.12, 2019/05/17 Text macros for Inconsolata (msharpe)
(/usr/local/texlive/2024/texmf-dist/tex/latex/xkeyval/xkeyval.sty
(/usr/local/texlive/2024/texmf-dist/tex/generic/xkeyval/xkeyval.tex
(/usr/local/texlive/2024/texmf-dist/tex/generic/xkeyval/xkvutils.tex
(/usr/local/texlive/2024/texmf-dist/tex/generic/xkeyval/keyval.tex)))))
(/usr/local/texlive/2024/texmf-dist/tex/latex/graphics/color.sty
(/usr/local/texlive/2024/texmf-dist/tex/latex/graphics-cfg/color.cfg)
(/usr/local/texlive/2024/texmf-dist/tex/latex/graphics-def/pdftex.def)
(/usr/local/texlive/2024/texmf-dist/tex/latex/graphics/mathcolor.ltx))
(/usr/local/texlive/2024/texmf-dist/tex/latex/hyperref/hyperref.sty
(/usr/local/texlive/2024/texmf-dist/tex/latex/kvsetkeys/kvsetkeys.sty)
(/usr/local/texlive/2024/texmf-dist/tex/generic/kvdefinekeys/kvdefinekeys.sty)
(/usr/local/texlive/2024/texmf-dist/tex/generic/pdfescape/pdfescape.sty
(/usr/local/texlive/2024/texmf-dist/tex/generic/ltxcmds/ltxcmds.sty)
(/usr/local/texlive/2024/texmf-dist/tex/generic/pdftexcmds/pdftexcmds.sty
(/usr/local/texlive/2024/texmf-dist/tex/generic/infwarerr/infwarerr.sty)))
(/usr/local/texlive/2024/texmf-dist/tex/latex/hycolor/hycolor.sty)
(/usr/local/texlive/2024/texmf-dist/tex/latex/auxhook/auxhook.sty)
(/usr/local/texlive/2024/texmf-dist/tex/latex/hyperref/nameref.sty
(/usr/local/texlive/2024/texmf-dist/tex/latex/refcount/refcount.sty)
(/usr/local/texlive/2024/texmf-dist/tex/generic/gettitlestring/gettitlestring.s
ty (/usr/local/texlive/2024/texmf-dist/tex/latex/kvoptions/kvoptions.sty)))
(/usr/local/texlive/2024/texmf-dist/tex/latex/etoolbox/etoolbox.sty)
(/usr/local/texlive/2024/texmf-dist/tex/latex/hyperref/pd1enc.def)
(/usr/local/texlive/2024/texmf-dist/tex/generic/intcalc/intcalc.sty)
(/usr/local/texlive/2024/texmf-dist/tex/latex/hyperref/puenc.def)
(/usr/local/texlive/2024/texmf-dist/tex/generic/bitset/bitset.sty
(/usr/local/texlive/2024/texmf-dist/tex/generic/bigintcalc/bigintcalc.sty))
(/usr/local/texlive/2024/texmf-dist/tex/latex/base/atbegshi-ltx.sty))
(/usr/local/texlive/2024/texmf-dist/tex/latex/hyperref/hpdftex.def
(/usr/local/texlive/2024/texmf-dist/tex/latex/base/atveryend-ltx.sty)
(/usr/local/texlive/2024/texmf-dist/tex/latex/rerunfilecheck/rerunfilecheck.sty

(/usr/local/texlive/2024/texmf-dist/tex/generic/uniquecounter/uniquecounter.sty
)))) (/usr/local/texlive/2024/texmf-dist/tex/latex/base/makeidx.sty)
Writing index file Rd2.idx
(/usr/local/texlive/2024/texmf-dist/tex/latex/psnfss/t1ptm.fd)
(/usr/local/texlive/2024/texmf-dist/tex/latex/l3backend/l3backend-pdftex.def)
(/private/var/folders/gv/l5wlstr55gl_g0pgx6k47z9m0000gn/T/RtmpuscBh3/Rd2pdf10d5
4517efc78/Rd2.aux)
(/usr/local/texlive/2024/texmf-dist/tex/context/base/mkii/supp-pdf.mkii
[Loading MPS to PDF converter (version 2006.09.02).]
)
(/private/var/folders/gv/l5wlstr55gl_g0pgx6k47z9m0000gn/T/RtmpuscBh3/Rd2pdf10d5
4517efc78/Rd2.out)
(/private/var/folders/gv/l5wlstr55gl_g0pgx6k47z9m0000gn/T/RtmpuscBh3/Rd2pdf10d5
4517efc78/Rd2.out)
(/usr/local/texlive/2024/texmf-dist/tex/latex/psnfss/ts1ptm.fd)
(/usr/local/texlive/2024/texmf-dist/tex/latex/inconsolata/t1zi4.fd)
(/usr/local/texlive/2024/texmf-dist/tex/latex/amsfonts/umsa.fd)
(/usr/local/texlive/2024/texmf-dist/tex/latex/amsfonts/umsb.fd)
(/usr/local/texlive/2024/texmf-dist/tex/latex/jknapltx/ursfs.fd)
(/private/var/folders/gv/l5wlstr55gl_g0pgx6k47z9m0000gn/T/RtmpuscBh3/Rd2pdf10d5
4517efc78/Rd2.toc [1{/usr/local/texlive/2024/texmf-var/fonts/map/pdftex/updmap/
pdftex.map}{/usr/local/texlive/2024/texmf-dist/fonts/enc/dvips/base/8r.enc}{/us
r/local/texlive/2024/texmf-dist/fonts/enc/dvips/inconsolata/i4-t1-0.enc}])
[2] [3] [4] (/usr/local/texlive/2024/texmf-dist/tex/latex/inconsolata/ts1zi4.fd
) [5{/usr/local/texlive/2024/texmf-dist/fonts/enc/dvips/inconsolata/i4-ts1.enc}
] [6] [7]
Overfull \hbox (7.43814pt too wide) in paragraph at lines 390--394
[]\T1/ptm/m/n/10 is also []\T1/zi4/m/n/10 NULL[]\T1/ptm/m/n/10 , a se-quence of
 val-ues is au-to-mat-i-cally gen-er-ated (e.g., via []\T1/zi4/m/n/10 10^seq(-4
,

Overfull \hbox (4.05756pt too wide) in paragraph at lines 399--401
[]\T1/ptm/m/n/10 An in-te-ger or user-specified par-ti-tion-ing in-di-cat-ing t
he num-ber of cross-validation

Overfull \hbox (0.43765pt too wide) in paragraph at lines 416--419
[]\T1/ptm/m/n/10 An op-tional vari-able for spec-i-fy-ing which can-di-date is 
in com-pe-ti-tion with which
[8]
Overfull \hbox (4.06934pt too wide) in paragraph at lines 463--469
[]\T1/zi4/m/n/10 neural_mcmc_control$n_bayesian_models = 2 []\T1/ptm/m/n/10 to 
fit sep-a-rate AST/DAG mod-
[9]
Overfull \hbox (5.17787pt too wide) in paragraph at lines 505--522
[]\T1/ptm/m/n/10 Optional list over-rid-ing de-fault MCMC set-tings used when [
]\T1/zi4/m/n/10 outcome_model_type

Overfull \hbox (93.58759pt too wide) in paragraph at lines 505--522
\T1/ptm/m/n/10 AST/DAG mod-els (de-fault is 1 for a sin-gle dif-fer-en-tial mod
el). Use []\T1/zi4/m/n/10 neural_mcmc_control$ModelDims

Overfull \hbox (2.49959pt too wide) in paragraph at lines 505--522
\T1/ptm/m/n/10 "batch_vi"), set []\T1/zi4/m/n/10 neural_mcmc_control$optimizer 
[]\T1/ptm/m/n/10 to []\T1/zi4/m/n/10 "adam" []\T1/ptm/m/n/10 (numpyro.optim)

Overfull \hbox (102.91927pt too wide) in paragraph at lines 505--522
\T1/ptm/m/n/10 or []\T1/zi4/m/n/10 "adabelief" []\T1/ptm/m/n/10 (op-tax). Learn
ing-rate de-cay is con-trolled by []\T1/zi4/m/n/10 neural_mcmc_control$svi_lr_s
chedule

Overfull \hbox (47.89987pt too wide) in paragraph at lines 505--522
[]\T1/ptm/m/n/10 (de-fault []\T1/zi4/m/n/10 "warmup_cosine"[]\T1/ptm/m/n/10 ), 
with op-tional []\T1/zi4/m/n/10 svi_lr_warmup_frac []\T1/ptm/m/n/10 and []\T1/z
i4/m/n/10 svi_lr_end_factor[]\T1/ptm/m/n/10 . 

Overfull \hbox (19.82838pt too wide) in paragraph at lines 544--548
[]\T1/ptm/m/n/10 (de-fault) for Monte Carlo sam-pling with per-draw pri-mary wi
n-ners, or []\T1/zi4/m/n/10 "linearized"
[10] [11] [12]
Overfull \hbox (21.33908pt too wide) in paragraph at lines 728--732
[]\T1/zi4/m/n/10 plot_best_response_curves []\T1/ptm/m/n/10 takes the re-sult o
f an ad-ver-sar-ial [][][]\T1/zi4/m/n/10 strategize[][][] []\T1/ptm/m/n/10 run 
(i.e., with []\T1/zi4/m/n/10 adversarial
[13] [14] [15] [16]
Overfull \hbox (1.81654pt too wide) in paragraph at lines 955--957
[]\T1/ptm/m/n/10 In ad-ver-sar-ial (two-player) mode, both AST and DAG play-ers
' met-rics are shown. In non-adversarial
[17] [18] [19] [20] [21] [22]
Overfull \hbox (11.55678pt too wide) in paragraph at lines 1284--1287
[]\T1/ptm/m/n/10 Logical in-di-cat-ing whether the out-come []\T1/zi4/m/n/10 Y 
[]\T1/ptm/m/n/10 rep-re-sents a first-difference or difference-

Overfull \hbox (4.06934pt too wide) in paragraph at lines 1293--1299
[]\T1/zi4/m/n/10 neural_mcmc_control$n_bayesian_models = 2 []\T1/ptm/m/n/10 to 
fit sep-a-rate AST/DAG mod-

Overfull \hbox (6.55933pt too wide) in paragraph at lines 1307--1311
\T1/ptm/m/n/10 model co-ef-fi-cients to-ward a shared av-er-age when []\T1/zi4/
m/n/10 adversarial_model_strategy
[23]
Overfull \hbox (5.17787pt too wide) in paragraph at lines 1333--1351
[]\T1/ptm/m/n/10 Optional list over-rid-ing de-fault MCMC set-tings used when [
]\T1/zi4/m/n/10 outcome_model_type

Overfull \hbox (38.9694pt too wide) in paragraph at lines 1333--1351
\T1/zi4/m/n/10 = "neural"[]\T1/ptm/m/n/10 . Named en-tries over-ride the de-fau
lts in []\T1/zi4/m/n/10 CS_2Step_ModelOutcome_neural.R[]\T1/ptm/m/n/10 .

Overfull \hbox (2.41992pt too wide) in paragraph at lines 1333--1351
\T1/ptm/m/n/10 Set []\T1/zi4/m/n/10 neural_mcmc_control$uncertainty_scope = "ou
tput" []\T1/ptm/m/n/10 to com-pute delta-

Overfull \hbox (12.74069pt too wide) in paragraph at lines 1333--1351
\T1/ptm/m/n/10 Use []\T1/zi4/m/n/10 neural_mcmc_control$ModelDims []\T1/ptm/m/n
/10 and []\T1/zi4/m/n/10 neural_mcmc_control$ModelDepth

Overfull \hbox (119.73929pt too wide) in paragraph at lines 1333--1351
[]\T1/ptm/m/n/10 to over-ride the Trans-former hid-den width and depth. Set []\
T1/zi4/m/n/10 neural_mcmc_control$cross_candidate_encoder

Overfull \hbox (2.49959pt too wide) in paragraph at lines 1333--1351
\T1/ptm/m/n/10 "batch_vi"), set []\T1/zi4/m/n/10 neural_mcmc_control$optimizer 
[]\T1/ptm/m/n/10 to []\T1/zi4/m/n/10 "adam" []\T1/ptm/m/n/10 (numpyro.optim)

Overfull \hbox (102.91927pt too wide) in paragraph at lines 1333--1351
\T1/ptm/m/n/10 or []\T1/zi4/m/n/10 "adabelief" []\T1/ptm/m/n/10 (op-tax). Learn
ing-rate de-cay is con-trolled by []\T1/zi4/m/n/10 neural_mcmc_control$svi_lr_s
chedule

Overfull \hbox (47.89987pt too wide) in paragraph at lines 1333--1351
[]\T1/ptm/m/n/10 (de-fault []\T1/zi4/m/n/10 "warmup_cosine"[]\T1/ptm/m/n/10 ), 
with op-tional []\T1/zi4/m/n/10 svi_lr_warmup_frac []\T1/ptm/m/n/10 and []\T1/z
i4/m/n/10 svi_lr_end_factor[]\T1/ptm/m/n/10 . 

Overfull \hbox (17.64828pt too wide) in paragraph at lines 1352--1355
[]\T1/ptm/m/n/10 A char-ac-ter string spec-i-fy-ing the type of penalty (e.g., 
[]\T1/zi4/m/n/10 "KL"[]\T1/ptm/m/n/10 , []\T1/zi4/m/n/10 "L2"[]\T1/ptm/m/n/10 ,
 or []\T1/zi4/m/n/10 "LogMaxProb"[]\T1/ptm/m/n/10 )

Overfull \hbox (19.19803pt too wide) in paragraph at lines 1359--1362
\T1/zi4/m/n/10 TRUE[]\T1/ptm/m/n/10 . []\T1/zi4/m/n/10 "full" []\T1/ptm/m/n/10 
dif-fer-en-ti-ates through the full op-ti-miza-tion trace (de-fault). []\T1/zi4
/m/n/10 "implicit"

Overfull \hbox (20.21663pt too wide) in paragraph at lines 1359--1362
[]\T1/ptm/m/n/10 uses im-plicit dif-fer-en-ti-a-tion at the so-lu-tion (ad-ver-
sar-ial equi-lib-rium or non-adversarial

Overfull \hbox (4.58041pt too wide) in paragraph at lines 1371--1373
[]\T1/ptm/m/n/10 Numeric in $\OT1/cmr/m/n/10 (0\OML/cmm/m/it/10 ; \OT1/cmr/m/n/
10 1)$\T1/ptm/m/n/10 , spec-i-fy-ing the con-fi-dence level for in-ter-vals or 
cred-i-ble bounds.
[24]
Overfull \hbox (19.82838pt too wide) in paragraph at lines 1384--1388
[]\T1/ptm/m/n/10 (de-fault) for Monte Carlo sam-pling with per-draw pri-mary wi
n-ners, or []\T1/zi4/m/n/10 "linearized"
[25]
Overfull \hbox (3.3386pt too wide) in paragraph at lines 1491--1492
[]\T1/ptm/m/n/10 Standard er-rors for en-tries in []\T1/zi4/m/n/10 pi_star_poin
t[]\T1/ptm/m/n/10 . Mir-rors the struc-ture of []\T1/zi4/m/n/10 pi_star_point
[26]
Overfull \hbox (15.05844pt too wide) in paragraph at lines 1513--1516
[][][]\T1/zi4/m/n/10 cv_strategize[][][] []\T1/ptm/m/n/10 for cross-validation 
across can-di-date val-ues of []\T1/zi4/m/n/10 lambda[]\T1/ptm/m/n/10 . See als
o [][][]\T1/zi4/m/n/10 strategize_onestep[][][]
[27] [28]
Overfull \hbox (5.78822pt too wide) in paragraph at lines 1655--1658
[]\T1/ptm/m/n/10 Optional char-ac-ter vec-tor of col-ors (one per set of prob-a
-bil-i-ties in []\T1/zi4/m/n/10 pi_star_list[]\T1/ptm/m/n/10 ).
[29] [30] [31]
Overfull \hbox (13.2476pt too wide) in paragraph at lines 1806--1809
\T1/ptm/m/n/10 choice de-signs, each row gen-er-ally rep-re-sents a sin-gle pro
-file or a sin-gle respondent-

Overfull \hbox (30.78735pt too wide) in paragraph at lines 1843--1846
[]\T1/ptm/m/n/10 A char-ac-ter spec-i-fy-ing the type of penalty for shift-ing 
prob-a-bil-i-ties (e.g., []\T1/zi4/m/n/10 "LogMaxProb"[]\T1/ptm/m/n/10 ,
[32]
Overfull \hbox (3.72823pt too wide) in paragraph at lines 1875--1877
[]\T1/ptm/m/n/10 A char-ac-ter con-trol-ling the type of gra-di-ent up-dates (e
.g., []\T1/zi4/m/n/10 "adanorm"[]\T1/ptm/m/n/10 , []\T1/zi4/m/n/10 "wngrad"[]\T
1/ptm/m/n/10 ).
[33]
Overfull \hbox (24.49965pt too wide) in paragraph at lines 1974--1976
[]\T1/ptm/m/n/10 Advanced ar-gu-ments like []\T1/zi4/m/n/10 X_factorized[]\T1/p
tm/m/n/10 , []\T1/zi4/m/n/10 conda_env[]\T1/ptm/m/n/10 , []\T1/zi4/m/n/10 optim
_method[]\T1/ptm/m/n/10 , or spec-i-fy-ing []\T1/zi4/m/n/10 adaptive_momentum
[34] [35] [36] [37] [38] [39] [40] [41]
Overfull \hbox (46.38826pt too wide) in paragraph at lines 2479--2493
\T1/ptm/m/n/10 mod-els (de-fault is 1 for a sin-gle dif-fer-en-tial model). Set
 []\T1/zi4/m/n/10 neural_mcmc_control$ModelDims

Overfull \hbox (2.49959pt too wide) in paragraph at lines 2479--2493
\T1/ptm/m/n/10 "batch_vi"), set []\T1/zi4/m/n/10 neural_mcmc_control$optimizer 
[]\T1/ptm/m/n/10 to []\T1/zi4/m/n/10 "adam" []\T1/ptm/m/n/10 (numpyro.optim)

Overfull \hbox (102.91927pt too wide) in paragraph at lines 2479--2493
\T1/ptm/m/n/10 or []\T1/zi4/m/n/10 "adabelief" []\T1/ptm/m/n/10 (op-tax). Learn
ing-rate de-cay is con-trolled by []\T1/zi4/m/n/10 neural_mcmc_control$svi_lr_s
chedule

Overfull \hbox (47.89987pt too wide) in paragraph at lines 2479--2493
[]\T1/ptm/m/n/10 (de-fault []\T1/zi4/m/n/10 "warmup_cosine"[]\T1/ptm/m/n/10 ), 
with op-tional []\T1/zi4/m/n/10 svi_lr_warmup_frac []\T1/ptm/m/n/10 and []\T1/z
i4/m/n/10 svi_lr_end_factor[]\T1/ptm/m/n/10 . 
[42]
(/private/var/folders/gv/l5wlstr55gl_g0pgx6k47z9m0000gn/T/RtmpuscBh3/Rd2pdf10d5
4517efc78/Rd2.ind [43] [44])
(/private/var/folders/gv/l5wlstr55gl_g0pgx6k47z9m0000gn/T/RtmpuscBh3/Rd2pdf10d5
4517efc78/Rd2.aux) )
(see the transcript file for additional information)</usr/local/texlive/2024/te
xmf-dist/fonts/type1/public/inconsolata/Inconsolata-zi4r.pfb></usr/local/texliv
e/2024/texmf-dist/fonts/type1/public/amsfonts/cm/cmex10.pfb></usr/local/texlive
/2024/texmf-dist/fonts/type1/public/amsfonts/cm/cmmi10.pfb></usr/local/texlive/
2024/texmf-dist/fonts/type1/public/amsfonts/cm/cmmi5.pfb></usr/local/texlive/20
24/texmf-dist/fonts/type1/public/amsfonts/cm/cmmi7.pfb></usr/local/texlive/2024
/texmf-dist/fonts/type1/public/amsfonts/cm/cmmib10.pfb></usr/local/texlive/2024
/texmf-dist/fonts/type1/public/amsfonts/cm/cmr10.pfb></usr/local/texlive/2024/t
exmf-dist/fonts/type1/public/amsfonts/cm/cmr7.pfb></usr/local/texlive/2024/texm
f-dist/fonts/type1/public/amsfonts/cm/cmsy10.pfb></usr/local/texlive/2024/texmf
-dist/fonts/type1/public/amsfonts/cm/cmsy7.pfb></usr/local/texlive/2024/texmf-d
ist/fonts/type1/urw/times/utmb8a.pfb></usr/local/texlive/2024/texmf-dist/fonts/
type1/urw/times/utmr8a.pfb></usr/local/texlive/2024/texmf-dist/fonts/type1/urw/
times/utmr8a.pfb></usr/local/texlive/2024/texmf-dist/fonts/type1/urw/times/utmr
i8a.pfb>
Output written on Rd2.pdf (44 pages, 278219 bytes).
Transcript written on Rd2.log.
Saving output to ‘strategize-manual.pdf’ ...
Done
You may want to clean up by 'rm -Rf /var/folders/gv/l5wlstr55gl_g0pgx6k47z9m0000gn/T//RtmpuscBh3/Rd2pdf10d54517efc78'
